[2026-05-20 04:52:05] STALE: Docker=65e867f, GitHub=939cfea1
[2026-05-20 04:52:05] ALERT_ONLY mode — 需手動重建
[2026-05-20 04:58:07] STALE: Docker=0c15ef6, GitHub=b432352b
[2026-05-20 04:58:07] ALERT_ONLY mode — 需手動重建
[2026-05-20 07:29:44] WARN: 無法取得 GitHub commit (API rate limit?)
[2026-05-20 08:18:47] STALE: Docker=46b4559, GitHub=6c1bc9f1
[2026-05-20 08:18:47] STALE: Docker=46b4559, GitHub=6c1bc9f1
[2026-05-20 08:18:47] 🔧 自動修復: git pull + npm build + docker rebuild...
[2026-05-20 08:18:47] 🔧 自動修復: git pull + npm build + docker rebuild...
[2026-05-20 08:18:48] npm install + build...
[2026-05-20 08:18:48] npm install + build...
/tmp/furnace-scheduling-system/auto-sync.sh: line 79: npm: command not found
/tmp/furnace-scheduling-system/auto-sync.sh: line 79: npm: command not found
[2026-05-20 08:19:54] STALE: Docker=46b4559, GitHub=6c1bc9f1
[2026-05-20 08:19:54] ALERT_ONLY mode — 需手動重建
[2026-05-20 09:40:01] AHEAD: Docker=c86ad00 ahead of GitHub=4ff8350f by 1 commit(s) — OK (local fix deployed before push)
[2026-05-20 09:40:01] AHEAD: Docker=c86ad00 ahead of GitHub=4ff8350f by 1 commit(s) — OK (local fix deployed before push)
[2026-05-20 09:41:38] AHEAD: Docker=c86ad00 ahead of GitHub=4ff8350f by 1 commit(s) — OK (local fix deployed before push)
[2026-05-20 09:41:38] AHEAD: Docker=c86ad00 ahead of GitHub=4ff8350f by 1 commit(s) — OK (local fix deployed before push)
[2026-05-20 12:07:14] STALE: Docker=c86ad00 behind GitHub=b92e9623 by 4 commit(s)
[2026-05-20 12:07:14] STALE: Docker=c86ad00 behind GitHub=b92e9623 by 4 commit(s)
[2026-05-20 12:07:14] 🔧 自動修復: git pull + npm build + docker rebuild...
[2026-05-20 12:07:14] 🔧 自動修復: git pull + npm build + docker rebuild...
[2026-05-20 12:07:16] npm install + build...
[2026-05-20 12:07:16] npm install + build...
/tmp/furnace-scheduling-system/auto-sync.sh: line 100: npm: command not found
/tmp/furnace-scheduling-system/auto-sync.sh: line 100: npm: command not found
[2026-05-20 12:10:01] STALE: Docker=c86ad00 behind GitHub=b92e9623 by 4 commit(s)
[2026-05-20 12:10:01] STALE: Docker=c86ad00 behind GitHub=b92e9623 by 4 commit(s)
[2026-05-20 12:10:01] 🔧 自動修復: git pull + npm build + docker rebuild...
[2026-05-20 12:10:01] 🔧 自動修復: git pull + npm build + docker rebuild...
[2026-05-20 12:10:02] npm install + build...
[2026-05-20 12:10:02] npm install + build...
./auto-sync.sh: line 100: npm: command not found
./auto-sync.sh: line 100: npm: command not found
[2026-05-20 12:10:30] STALE: Docker=c86ad00 behind GitHub=b92e9623 by 4 commit(s)
[2026-05-20 12:10:30] ALERT_ONLY mode — 需手動重建
